<?xml version="1.0" encoding="UTF-8"?>
<!-- Generated by org.testng.reporters.JUnitXMLReporter -->
<testsuite ignored="1" hostname="Gagan" failures="0" tests="1" name="Default test" time="3.106" errors="0" timestamp="2024-07-01T17:32:39 IST">
  <testcase classname="com.ninza.hrm.api.employeetest.EmployeeTest" name="addEmployeeWithOutEmailTest" time="3.078"/>
  <testcase classname="com.ninza.hrm.api.employeetest.EmployeeTest" name="addEmployeeTest" time="0.0">
    <ignored/>
  </testcase> <!-- addEmployeeTest -->
</testsuite> <!-- Default test -->
