<?xml version="1.0" encoding="UTF-8"?>
<testng-results ignored="1" total="2" passed="1" failed="0" skipped="0">
  <reporter-output>
  </reporter-output>
  <suite started-at="2024-07-01T17:32:36 IST" name="Default suite" finished-at="2024-07-01T17:32:39 IST" duration-ms="3106">
    <groups>
    </groups>
    <test started-at="2024-07-01T17:32:36 IST" name="Default test" finished-at="2024-07-01T17:32:39 IST" duration-ms="3106">
      <class name="com.ninza.hrm.api.employeetest.EmployeeTest">
        <test-method signature="addEmployeeWithOutEmailTest()[pri:0, instance:com.ninza.hrm.api.employeetest.EmployeeTest@16d04d3d]" started-at="2024-07-01T17:32:36 IST" name="addEmployeeWithOutEmailTest" finished-at="2024-07-01T17:32:39 IST" duration-ms="3078" status="PASS">
          <reporter-output>
          </reporter-output>
        </test-method> <!-- addEmployeeWithOutEmailTest -->
      </class> <!-- com.ninza.hrm.api.employeetest.EmployeeTest -->
    </test> <!-- Default test -->
  </suite> <!-- Default suite -->
</testng-results>
